17-Jun-2023 19:56:57.271 INFO [main] org.apache.catalina.startup.VersionLoggerListener.log Server version name:   Apache Tomcat/10.1.10
17-Jun-2023 19:56:57.278 INFO [main] org.apache.catalina.startup.VersionLoggerListener.log Server built:          Jun 2 2023 18:11:59 UTC
17-Jun-2023 19:56:57.279 INFO [main] org.apache.catalina.startup.VersionLoggerListener.log Server version number: 10.1.10.0
17-Jun-2023 19:56:57.279 INFO [main] org.apache.catalina.startup.VersionLoggerListener.log OS Name:               Linux
17-Jun-2023 19:56:57.279 INFO [main] org.apache.catalina.startup.VersionLoggerListener.log OS Version:            6.2.2-arch1-1
17-Jun-2023 19:56:57.280 INFO [main] org.apache.catalina.startup.VersionLoggerListener.log Architecture:          amd64
17-Jun-2023 19:56:57.280 INFO [main] org.apache.catalina.startup.VersionLoggerListener.log Java Home:             /usr/lib/jvm/java-19-openjdk
17-Jun-2023 19:56:57.280 INFO [main] org.apache.catalina.startup.VersionLoggerListener.log JVM Version:           19.0.2+7
17-Jun-2023 19:56:57.280 INFO [main] org.apache.catalina.startup.VersionLoggerListener.log JVM Vendor:            Oracle Corporation
17-Jun-2023 19:56:57.280 INFO [main] org.apache.catalina.startup.VersionLoggerListener.log CATALINA_BASE:         /home/alliano-dev/Latihan/java/servlet/apache-tomcat-10.1.10
17-Jun-2023 19:56:57.281 INFO [main] org.apache.catalina.startup.VersionLoggerListener.log CATALINA_HOME:         /home/alliano-dev/Latihan/java/servlet/apache-tomcat-10.1.10
17-Jun-2023 19:56:57.324 INFO [main] org.apache.catalina.startup.VersionLoggerListener.log Command line argument: -Djava.util.logging.config.file=/home/alliano-dev/Latihan/java/servlet/apache-tomcat-10.1.10/conf/logging.properties
17-Jun-2023 19:56:57.324 INFO [main] org.apache.catalina.startup.VersionLoggerListener.log Command line argument: -Djava.util.logging.manager=org.apache.juli.ClassLoaderLogManager
17-Jun-2023 19:56:57.325 INFO [main] org.apache.catalina.startup.VersionLoggerListener.log Command line argument: -Djdk.tls.ephemeralDHKeySize=2048
17-Jun-2023 19:56:57.325 INFO [main] org.apache.catalina.startup.VersionLoggerListener.log Command line argument: -Djava.protocol.handler.pkgs=org.apache.catalina.webresources
17-Jun-2023 19:56:57.325 INFO [main] org.apache.catalina.startup.VersionLoggerListener.log Command line argument: -Dorg.apache.catalina.security.SecurityListener.UMASK=0027
17-Jun-2023 19:56:57.325 INFO [main] org.apache.catalina.startup.VersionLoggerListener.log Command line argument: --add-opens=java.base/java.lang=ALL-UNNAMED
17-Jun-2023 19:56:57.325 INFO [main] org.apache.catalina.startup.VersionLoggerListener.log Command line argument: --add-opens=java.base/java.io=ALL-UNNAMED
17-Jun-2023 19:56:57.326 INFO [main] org.apache.catalina.startup.VersionLoggerListener.log Command line argument: --add-opens=java.base/java.util=ALL-UNNAMED
17-Jun-2023 19:56:57.326 INFO [main] org.apache.catalina.startup.VersionLoggerListener.log Command line argument: --add-opens=java.base/java.util.concurrent=ALL-UNNAMED
17-Jun-2023 19:56:57.326 INFO [main] org.apache.catalina.startup.VersionLoggerListener.log Command line argument: --add-opens=java.rmi/sun.rmi.transport=ALL-UNNAMED
17-Jun-2023 19:56:57.326 INFO [main] org.apache.catalina.startup.VersionLoggerListener.log Command line argument: -Dcatalina.base=/home/alliano-dev/Latihan/java/servlet/apache-tomcat-10.1.10
17-Jun-2023 19:56:57.326 INFO [main] org.apache.catalina.startup.VersionLoggerListener.log Command line argument: -Dcatalina.home=/home/alliano-dev/Latihan/java/servlet/apache-tomcat-10.1.10
17-Jun-2023 19:56:57.326 INFO [main] org.apache.catalina.startup.VersionLoggerListener.log Command line argument: -Djava.io.tmpdir=/home/alliano-dev/Latihan/java/servlet/apache-tomcat-10.1.10/temp
17-Jun-2023 19:56:57.343 INFO [main] org.apache.catalina.core.AprLifecycleListener.lifecycleEvent The Apache Tomcat Native library which allows using OpenSSL was not found on the java.library.path: [/usr/java/packages/lib:/usr/lib64:/lib64:/lib:/usr/lib]
17-Jun-2023 19:56:57.900 INFO [main] org.apache.coyote.AbstractProtocol.init Initializing ProtocolHandler ["http-nio-8080"]
17-Jun-2023 19:56:57.960 INFO [main] org.apache.catalina.startup.Catalina.load Server initialization in [911] milliseconds
17-Jun-2023 19:56:58.042 INFO [main] org.apache.catalina.core.StandardService.startInternal Starting service [Catalina]
17-Jun-2023 19:56:58.043 INFO [main] org.apache.catalina.core.StandardEngine.startInternal Starting Servlet engine: [Apache Tomcat/10.1.10]
17-Jun-2023 19:56:58.061 INFO [main] org.apache.catalina.startup.HostConfig.deployDirectory Deploying web application directory [/home/alliano-dev/Latihan/java/servlet/apache-tomcat-10.1.10/webapps/ROOT]
17-Jun-2023 19:56:58.501 INFO [main] org.apache.catalina.startup.HostConfig.deployDirectory Deployment of web application directory [/home/alliano-dev/Latihan/java/servlet/apache-tomcat-10.1.10/webapps/ROOT] has finished in [439] ms
17-Jun-2023 19:56:58.501 INFO [main] org.apache.catalina.startup.HostConfig.deployDirectory Deploying web application directory [/home/alliano-dev/Latihan/java/servlet/apache-tomcat-10.1.10/webapps/manager]
17-Jun-2023 19:56:58.573 INFO [main] org.apache.catalina.startup.HostConfig.deployDirectory Deployment of web application directory [/home/alliano-dev/Latihan/java/servlet/apache-tomcat-10.1.10/webapps/manager] has finished in [72] ms
17-Jun-2023 19:56:58.573 INFO [main] org.apache.catalina.startup.HostConfig.deployDirectory Deploying web application directory [/home/alliano-dev/Latihan/java/servlet/apache-tomcat-10.1.10/webapps/host-manager]
17-Jun-2023 19:56:58.620 INFO [main] org.apache.catalina.startup.HostConfig.deployDirectory Deployment of web application directory [/home/alliano-dev/Latihan/java/servlet/apache-tomcat-10.1.10/webapps/host-manager] has finished in [47] ms
17-Jun-2023 19:56:58.621 INFO [main] org.apache.catalina.startup.HostConfig.deployDirectory Deploying web application directory [/home/alliano-dev/Latihan/java/servlet/apache-tomcat-10.1.10/webapps/docs]
17-Jun-2023 19:56:58.660 INFO [main] org.apache.catalina.startup.HostConfig.deployDirectory Deployment of web application directory [/home/alliano-dev/Latihan/java/servlet/apache-tomcat-10.1.10/webapps/docs] has finished in [38] ms
17-Jun-2023 19:56:58.660 INFO [main] org.apache.catalina.startup.HostConfig.deployDirectory Deploying web application directory [/home/alliano-dev/Latihan/java/servlet/apache-tomcat-10.1.10/webapps/examples]
17-Jun-2023 19:56:59.012 INFO [main] org.apache.catalina.startup.HostConfig.deployDirectory Deployment of web application directory [/home/alliano-dev/Latihan/java/servlet/apache-tomcat-10.1.10/webapps/examples] has finished in [352] ms
17-Jun-2023 19:56:59.018 INFO [main] org.apache.coyote.AbstractProtocol.start Starting ProtocolHandler ["http-nio-8080"]
17-Jun-2023 19:56:59.049 INFO [main] org.apache.catalina.startup.Catalina.start Server startup in [1086] milliseconds
17-Jun-2023 20:08:41.840 INFO [Thread-1] org.apache.coyote.AbstractProtocol.pause Pausing ProtocolHandler ["http-nio-8080"]
17-Jun-2023 20:08:41.865 INFO [Thread-1] org.apache.catalina.core.StandardService.stopInternal Stopping service [Catalina]
17-Jun-2023 20:08:41.946 INFO [Thread-1] org.apache.coyote.AbstractProtocol.stop Stopping ProtocolHandler ["http-nio-8080"]
17-Jun-2023 20:08:41.958 INFO [Thread-1] org.apache.coyote.AbstractProtocol.destroy Destroying ProtocolHandler ["http-nio-8080"]
